<?xml version="1.0" encoding="UTF-8"?>
<!-- Generated by org.testng.reporters.JUnitReportReporter -->
<testsuite hostname="Malik" name="com.intuit.gmail.tests.EmailWithSpamTest" tests="1" failures="0" timestamp="25 Nov 2016 07:15:49 GMT" time="8.738" errors="0">
  <testcase name="testEmailWithMultipleRecipients" time="8.738" classname="com.intuit.gmail.tests.EmailWithSpamTest"/>
</testsuite> <!-- com.intuit.gmail.tests.EmailWithSpamTest -->
