<?xml version="1.0" encoding="UTF-8"?>
<!-- Generated by org.testng.reporters.JUnitReportReporter -->
<testsuite hostname="Malik" name="com.intuit.gmail.tests.EmailWithMultipleRecipientsTest" tests="1" failures="0" timestamp="25 Nov 2016 06:30:33 GMT" time="8.743" errors="0">
  <testcase name="testEmailWithMultipleRecipients" time="8.743" classname="com.intuit.gmail.tests.EmailWithMultipleRecipientsTest"/>
</testsuite> <!-- com.intuit.gmail.tests.EmailWithMultipleRecipientsTest -->
