<?xml version="1.0" encoding="UTF-8"?>
<!-- Generated by org.testng.reporters.JUnitReportReporter -->
<testsuite hostname="Malik" name="com.intuit.gmail.tests.EmailBlankBodyTest" tests="1" failures="0" timestamp="24 Nov 2016 07:24:43 GMT" time="2.745" errors="0">
  <testcase name="testEmailWithBlankBody" time="2.745" classname="com.intuit.gmail.tests.EmailBlankBodyTest"/>
</testsuite> <!-- com.intuit.gmail.tests.EmailBlankBodyTest -->
