<?xml version="1.0" encoding="UTF-8"?>
<!-- Generated by org.testng.reporters.JUnitReportReporter -->
<testsuite hostname="Malik" name="com.intuit.gmail.tests.EmailWithAttachmentTest" tests="1" failures="0" timestamp="28 Nov 2016 05:37:02 GMT" time="4.374" errors="0">
  <testcase name="testEmailWithAttachment" time="4.374" classname="com.intuit.gmail.tests.EmailWithAttachmentTest"/>
</testsuite> <!-- com.intuit.gmail.tests.EmailWithAttachmentTest -->
